<?xml version="1.0" encoding="UTF-8"?>
<!-- Generated by org.testng.reporters.JUnitReportReporter -->
<testsuite hostname="LAPTOP-Q5OOF2DD" failures="0" tests="1" name="TestCases.TC_001_Login" time="8.436" errors="0" timestamp="2023-11-06T12:23:29 IST" skipped="0">
  <testcase classname="TestCases.TC_001_Login" name="logintest" time="8.436"/>
</testsuite> <!-- TestCases.TC_001_Login -->
